  Using 'git status' to determine working set for adaptive non-unity build (D:\IanBarrow\Documents\Start_Project).
  Parsing headers for Survival_GameEditor
    Running UnrealHeaderTool "D:\IanBarrow\Documents\Start_Project\Survival_Game\Survival_Game.uproject" "D:\IanBarrow\Documents\Start_Project\Survival_Game\Intermediate\Build\Win64\Survival_GameEditor\Development\Survival_GameEditor.uhtmanifest" -LogCmds="loginit warning, logexit warning, logdatabase error" -Unattended -WarningsAsErrors -abslog="C:\Users\barro\AppData\Local\UnrealBuildTool\Log_UHT.txt" -installed
  Reflection code generated for Survival_GameEditor in 26.742094 seconds
  Building Survival_GameEditor...
  Using Visual Studio 2019 14.29.30038 toolchain (C:\Program Files (x86)\Microsoft Visual Studio\2019\Community\VC\Tools\MSVC\14.29.30037) and Windows 10.0.19041.0 SDK (C:\Program Files (x86)\Windows Kits\10).
  Building 13 actions with 16 processes...
    [1/13] Survival_Game.init.gen.cpp
    [2/13] SurvivalPlayerController.cpp
    [3/13] GearItems.cpp
    [4/13] FoodItem.cpp
    [5/13] SurvivalPlayerController.gen.cpp
    [6/13] SurvivalGameCharacter.gen.cpp
    [7/13] EquippableItems.cpp
    [8/13] Pickup.cpp
    [9/13] InteractionComponent.cpp
D:\IanBarrow\Documents\Start_Project\Survival_Game\Source\Survival_Game\Components\InteractionComponent.cpp(64): warning C4996: 'AActor::GetComponentsByClass': Use one of the GetComponents implementations as appropriate Please update your code to the new API before upgrading to the next release, otherwise your project will no longer compile.
D:\IanBarrow\Documents\Start_Project\Survival_Game\Source\Survival_Game\Components\InteractionComponent.cpp(77): warning C4996: 'AActor::GetComponentsByClass': Use one of the GetComponents implementations as appropriate Please update your code to the new API before upgrading to the next release, otherwise your project will no longer compile.
    [10/13] SurvivalGameCharacter.cpp
    [11/13] UE4Editor-Survival_Game.lib
       Creating library D:\IanBarrow\Documents\Start_Project\Survival_Game\Intermediate\Build\Win64\UE4Editor\Development\Survival_Game\UE4Editor-Survival_Game.lib and object D:\IanBarrow\Documents\Start_Project\Survival_Game\Intermediate\Build\Win64\UE4Editor\Development\Survival_Game\UE4Editor-Survival_Game.exp
    [12/13] UE4Editor-Survival_Game.dll
       Creating library D:\IanBarrow\Documents\Start_Project\Survival_Game\Intermediate\Build\Win64\UE4Editor\Development\Survival_Game\UE4Editor-Survival_Game.suppressed.lib and object D:\IanBarrow\Documents\Start_Project\Survival_Game\Intermediate\Build\Win64\UE4Editor\Development\Survival_Game\UE4Editor-Survival_Game.suppressed.exp
    [13/13] Survival_GameEditor.target
  Total time in Parallel executor: 190.76 seconds
  Total execution time: 218.13 seconds
